<?xml version="1.0" encoding="UTF-8"?>
<testng-results ignored="0" total="1" passed="1" failed="0" skipped="0">
  <reporter-output>
  </reporter-output>
  <suite started-at="2024-08-16T17:01:03 IST" name="Default suite" finished-at="2024-08-16T17:01:12 IST" duration-ms="9001">
    <groups>
    </groups>
    <test started-at="2024-08-16T17:01:03 IST" name="Default test" finished-at="2024-08-16T17:01:12 IST" duration-ms="9001">
      <class name="Project1.Drag_and_Drop">
        <test-method is-config="true" signature="beforeclass()[pri:0, instance:Project1.Drag_and_Drop@34e9fd99]" started-at="2024-08-16T17:01:04 IST" name="beforeclass" finished-at="2024-08-16T17:01:09 IST" duration-ms="5656" status="PASS">
          <reporter-output>
          </reporter-output>
        </test-method> <!-- beforeclass -->
        <test-method signature="Drag_Drop()[pri:0, instance:Project1.Drag_and_Drop@34e9fd99]" started-at="2024-08-16T17:01:09 IST" name="Drag_Drop" finished-at="2024-08-16T17:01:12 IST" duration-ms="3315" status="PASS">
          <reporter-output>
          </reporter-output>
        </test-method> <!-- Drag_Drop -->
      </class> <!-- Project1.Drag_and_Drop -->
    </test> <!-- Default test -->
  </suite> <!-- Default suite -->
</testng-results>
